<?xml version="1.0" encoding="UTF-8"?>
<testng-results ignored="0" total="2" passed="2" failed="0" skipped="0">
  <reporter-output>
  </reporter-output>
  <suite started-at="2023-09-21T08:09:06 IST" name="Suite" finished-at="2023-09-21T08:10:08 IST" duration-ms="62021">
    <groups>
    </groups>
    <test started-at="2023-09-21T08:09:06 IST" name="TestChrome" finished-at="2023-09-21T08:09:15 IST" duration-ms="8912">
      <class name="seleniumTestNG.BrowserParamCross">
        <test-method is-config="true" signature="beforeTest(java.lang.String)[pri:0, instance:seleniumTestNG.BrowserParamCross@1caa0244]" started-at="2023-09-21T08:09:06 IST" name="beforeTest" finished-at="2023-09-21T08:09:14 IST" duration-ms="7521" status="PASS">
          <params>
            <param index="0">
              <value>
                <![CDATA[chrome]]>
              </value>
            </param>
          </params>
          <reporter-output>
          </reporter-output>
        </test-method> <!-- beforeTest -->
        <test-method signature="f()[pri:0, instance:seleniumTestNG.BrowserParamCross@1caa0244]" started-at="2023-09-21T08:09:14 IST" name="f" finished-at="2023-09-21T08:09:15 IST" duration-ms="1357" status="PASS">
          <reporter-output>
          </reporter-output>
        </test-method> <!-- f -->
        <test-method is-config="true" signature="afterTest()[pri:0, instance:seleniumTestNG.BrowserParamCross@1caa0244]" started-at="2023-09-21T08:09:15 IST" name="afterTest" finished-at="2023-09-21T08:09:15 IST" duration-ms="1" status="PASS">
          <reporter-output>
          </reporter-output>
        </test-method> <!-- afterTest -->
      </class> <!-- seleniumTestNG.BrowserParamCross -->
    </test> <!-- TestChrome -->
    <test started-at="2023-09-21T08:09:15 IST" name="TestEdge" finished-at="2023-09-21T08:10:08 IST" duration-ms="53061">
      <class name="seleniumTestNG.BrowserParamCross">
        <test-method is-config="true" signature="beforeTest(java.lang.String)[pri:0, instance:seleniumTestNG.BrowserParamCross@4bdeaabb]" started-at="2023-09-21T08:09:15 IST" name="beforeTest" finished-at="2023-09-21T08:09:41 IST" duration-ms="25563" status="PASS">
          <params>
            <param index="0">
              <value>
                <![CDATA[edge]]>
              </value>
            </param>
          </params>
          <reporter-output>
          </reporter-output>
        </test-method> <!-- beforeTest -->
        <test-method signature="f()[pri:0, instance:seleniumTestNG.BrowserParamCross@4bdeaabb]" started-at="2023-09-21T08:09:41 IST" name="f" finished-at="2023-09-21T08:10:08 IST" duration-ms="27491" status="PASS">
          <reporter-output>
          </reporter-output>
        </test-method> <!-- f -->
        <test-method is-config="true" signature="afterTest()[pri:0, instance:seleniumTestNG.BrowserParamCross@4bdeaabb]" started-at="2023-09-21T08:10:08 IST" name="afterTest" finished-at="2023-09-21T08:10:08 IST" duration-ms="2" status="PASS">
          <reporter-output>
          </reporter-output>
        </test-method> <!-- afterTest -->
      </class> <!-- seleniumTestNG.BrowserParamCross -->
    </test> <!-- TestEdge -->
  </suite> <!-- Suite -->
</testng-results>
