<?xml version="1.0" encoding="UTF-8"?>
<testng-results ignored="0" total="1" passed="1" failed="0" skipped="0">
  <reporter-output>
  </reporter-output>
  <suite started-at="2023-08-01T09:45:00 IST" name="Default suite" finished-at="2023-08-01T09:45:12 IST" duration-ms="11743">
    <groups>
    </groups>
    <test started-at="2023-08-01T09:45:00 IST" name="Default test" finished-at="2023-08-01T09:45:12 IST" duration-ms="11743">
      <class name="seleniumWithTestNG.BasicCommands">
        <test-method is-config="true" signature="setup()[pri:0, instance:seleniumWithTestNG.BasicCommands@6d4d66d2]" started-at="2023-08-01T09:45:00 IST" name="setup" finished-at="2023-08-01T09:45:04 IST" duration-ms="3967" status="PASS">
          <reporter-output>
          </reporter-output>
        </test-method> <!-- setup -->
        <test-method signature="tc002_VerifyLocators()[pri:0, instance:seleniumWithTestNG.BasicCommands@6d4d66d2]" started-at="2023-08-01T09:45:04 IST" name="tc002_VerifyLocators" finished-at="2023-08-01T09:45:12 IST" duration-ms="7723" status="PASS">
          <reporter-output>
          </reporter-output>
        </test-method> <!-- tc002_VerifyLocators -->
        <test-method is-config="true" signature="teardown()[pri:0, instance:seleniumWithTestNG.BasicCommands@6d4d66d2]" started-at="2023-08-01T09:45:12 IST" name="teardown" finished-at="2023-08-01T09:45:12 IST" duration-ms="0" status="PASS">
          <reporter-output>
          </reporter-output>
        </test-method> <!-- teardown -->
      </class> <!-- seleniumWithTestNG.BasicCommands -->
    </test> <!-- Default test -->
  </suite> <!-- Default suite -->
</testng-results>
