<?xml version="1.0" encoding="UTF-8"?>
<!-- Generated by org.testng.reporters.JUnitXMLReporter -->
<testsuite ignored="1" hostname="LAPTOP-AOPQP9U5" failures="0" tests="1" name="Default test" time="11.743" errors="0" timestamp="2023-08-01T09:45:12 IST">
  <testcase classname="seleniumWithTestNG.BasicCommands" name="tc002_VerifyLocators" time="7.723"/>
  <testcase classname="seleniumWithTestNG.BasicCommands" name="tc001_VerifyObsquraTitle" time="0.0">
    <ignored/>
  </testcase> <!-- tc001_VerifyObsquraTitle -->
</testsuite> <!-- Default test -->
